<?xml version="1.0" encoding="UTF-8"?>
<!-- Generated by org.testng.reporters.JUnitReportReporter -->
<testsuite name="org.testing.testCases.TC4_PutRequest" tests="1" time="0.046" ignored="0" failures="0" timestamp="23 Dec 2022 17:51:26 GMT" skipped="0" hostname="TABLET-70UC1I6I" errors="0">
  <testcase name="testcase4" time="0.046" classname="org.testing.testCases.TC4_PutRequest"/>
</testsuite> <!-- org.testing.testCases.TC4_PutRequest -->
