<?xml version="1.0" encoding="UTF-8"?>
<!-- Generated by org.testng.reporters.JUnitReportReporter -->
<testsuite name="org.testing.testCases.TC3_GetParticularRecord" tests="1" time="0.047" ignored="0" failures="0" timestamp="23 Dec 2022 17:51:26 GMT" skipped="0" hostname="TABLET-70UC1I6I" errors="0">
  <testcase name="testcase3" time="0.047" classname="org.testing.testCases.TC3_GetParticularRecord"/>
</testsuite> <!-- org.testing.testCases.TC3_GetParticularRecord -->
